{"/home/laboratoria/Escritorio/LIM011-fe-md-links/src/estatus.js": {"path":"/home/laboratoria/Escritorio/LIM011-fe-md-links/src/estatus.js","statementMap":{"0":{"start":{"line":1,"column":14},"end":{"line":13,"column":1}},"1":{"start":{"line":2,"column":19},"end":{"line":2,"column":21}},"2":{"start":{"line":3,"column":21},"end":{"line":3,"column":32}},"3":{"start":{"line":4,"column":2},"end":{"line":6,"column":5}},"4":{"start":{"line":5,"column":4},"end":{"line":5,"column":32}},"5":{"start":{"line":7,"column":17},"end":{"line":7,"column":34}},"6":{"start":{"line":8,"column":14},"end":{"line":11,"column":3}},"7":{"start":{"line":12,"column":2},"end":{"line":12,"column":13}},"8":{"start":{"line":16,"column":22},"end":{"line":30,"column":1}},"9":{"start":{"line":17,"column":19},"end":{"line":17,"column":21}},"10":{"start":{"line":18,"column":21},"end":{"line":18,"column":32}},"11":{"start":{"line":19,"column":22},"end":{"line":19,"column":83}},"12":{"start":{"line":19,"column":48},"end":{"line":19,"column":75}},"13":{"start":{"line":20,"column":2},"end":{"line":22,"column":5}},"14":{"start":{"line":21,"column":4},"end":{"line":21,"column":33}},"15":{"start":{"line":23,"column":17},"end":{"line":23,"column":34}},"16":{"start":{"line":24,"column":14},"end":{"line":28,"column":3}},"17":{"start":{"line":29,"column":2},"end":{"line":29,"column":13}},"18":{"start":{"line":32,"column":15},"end":{"line":35,"column":1}},"19":{"start":{"line":37,"column":0},"end":{"line":37,"column":24}}},"fnMap":{"0":{"name":"(anonymous_0)","decl":{"start":{"line":1,"column":14},"end":{"line":1,"column":15}},"loc":{"start":{"line":1,"column":24},"end":{"line":13,"column":1}},"line":1},"1":{"name":"(anonymous_1)","decl":{"start":{"line":4,"column":15},"end":{"line":4,"column":16}},"loc":{"start":{"line":4,"column":28},"end":{"line":6,"column":3}},"line":4},"2":{"name":"(anonymous_2)","decl":{"start":{"line":16,"column":22},"end":{"line":16,"column":23}},"loc":{"start":{"line":16,"column":32},"end":{"line":30,"column":1}},"line":16},"3":{"name":"(anonymous_3)","decl":{"start":{"line":19,"column":34},"end":{"line":19,"column":35}},"loc":{"start":{"line":19,"column":48},"end":{"line":19,"column":75}},"line":19},"4":{"name":"(anonymous_4)","decl":{"start":{"line":20,"column":15},"end":{"line":20,"column":16}},"loc":{"start":{"line":20,"column":29},"end":{"line":22,"column":3}},"line":20}},"branchMap":{},"s":{"0":1,"1":2,"2":2,"3":2,"4":4,"5":2,"6":2,"7":2,"8":1,"9":2,"10":2,"11":2,"12":4,"13":2,"14":4,"15":2,"16":2,"17":2,"18":1,"19":1},"f":{"0":2,"1":4,"2":2,"3":4,"4":4},"b":{},"_coverageSchema":"1a1c01bbd47fc00a2c39e90264f33305004495a9","hash":"483077f1db18e50db951f165def55ae8d9b0374b"}
,"/home/laboratoria/Escritorio/LIM011-fe-md-links/src/index.js": {"path":"/home/laboratoria/Escritorio/LIM011-fe-md-links/src/index.js","statementMap":{"0":{"start":{"line":1,"column":13},"end":{"line":1,"column":28}},"1":{"start":{"line":2,"column":11},"end":{"line":2,"column":24}},"2":{"start":{"line":3,"column":15},"end":{"line":3,"column":32}},"3":{"start":{"line":5,"column":21},"end":{"line":8,"column":1}},"4":{"start":{"line":6,"column":16},"end":{"line":6,"column":37}},"5":{"start":{"line":7,"column":2},"end":{"line":7,"column":15}},"6":{"start":{"line":9,"column":26},"end":{"line":12,"column":1}},"7":{"start":{"line":10,"column":20},"end":{"line":10,"column":38}},"8":{"start":{"line":11,"column":2},"end":{"line":11,"column":19}},"9":{"start":{"line":16,"column":29},"end":{"line":20,"column":1}},"10":{"start":{"line":17,"column":23},"end":{"line":17,"column":41}},"11":{"start":{"line":18,"column":18},"end":{"line":18,"column":39}},"12":{"start":{"line":19,"column":2},"end":{"line":19,"column":17}},"13":{"start":{"line":22,"column":29},"end":{"line":26,"column":1}},"14":{"start":{"line":23,"column":23},"end":{"line":23,"column":41}},"15":{"start":{"line":24,"column":18},"end":{"line":24,"column":44}},"16":{"start":{"line":25,"column":2},"end":{"line":25,"column":17}},"17":{"start":{"line":28,"column":20},"end":{"line":34,"column":1}},"18":{"start":{"line":29,"column":15},"end":{"line":29,"column":33}},"19":{"start":{"line":30,"column":2},"end":{"line":32,"column":3}},"20":{"start":{"line":31,"column":4},"end":{"line":31,"column":16}},"21":{"start":{"line":33,"column":2},"end":{"line":33,"column":15}},"22":{"start":{"line":36,"column":26},"end":{"line":39,"column":1}},"23":{"start":{"line":37,"column":21},"end":{"line":37,"column":41}},"24":{"start":{"line":38,"column":2},"end":{"line":38,"column":20}},"25":{"start":{"line":41,"column":24},"end":{"line":54,"column":1}},"26":{"start":{"line":42,"column":16},"end":{"line":42,"column":18}},"27":{"start":{"line":43,"column":2},"end":{"line":45,"column":3}},"28":{"start":{"line":44,"column":4},"end":{"line":44,"column":23}},"29":{"start":{"line":45,"column":4},"end":{"line":52,"column":3}},"30":{"start":{"line":46,"column":4},"end":{"line":50,"column":7}},"31":{"start":{"line":47,"column":22},"end":{"line":47,"column":47}},"32":{"start":{"line":48,"column":39},"end":{"line":48,"column":63}},"33":{"start":{"line":49,"column":6},"end":{"line":49,"column":57}},"34":{"start":{"line":51,"column":4},"end":{"line":51,"column":19}},"35":{"start":{"line":53,"column":2},"end":{"line":53,"column":17}},"36":{"start":{"line":56,"column":20},"end":{"line":59,"column":1}},"37":{"start":{"line":57,"column":26},"end":{"line":57,"column":56}},"38":{"start":{"line":58,"column":2},"end":{"line":58,"column":25}},"39":{"start":{"line":61,"column":29},"end":{"line":76,"column":1}},"40":{"start":{"line":62,"column":16},"end":{"line":62,"column":18}},"41":{"start":{"line":63,"column":18},"end":{"line":63,"column":39}},"42":{"start":{"line":64,"column":2},"end":{"line":74,"column":5}},"43":{"start":{"line":65,"column":21},"end":{"line":65,"column":42}},"44":{"start":{"line":66,"column":4},"end":{"line":72,"column":6}},"45":{"start":{"line":67,"column":6},"end":{"line":71,"column":9}},"46":{"start":{"line":73,"column":4},"end":{"line":73,"column":48}},"47":{"start":{"line":75,"column":2},"end":{"line":75,"column":15}},"48":{"start":{"line":79,"column":18},"end":{"line":89,"column":1}},"49":{"start":{"line":91,"column":0},"end":{"line":91,"column":27}}},"fnMap":{"0":{"name":"(anonymous_0)","decl":{"start":{"line":5,"column":21},"end":{"line":5,"column":22}},"loc":{"start":{"line":5,"column":31},"end":{"line":8,"column":1}},"line":5},"1":{"name":"(anonymous_1)","decl":{"start":{"line":9,"column":26},"end":{"line":9,"column":27}},"loc":{"start":{"line":9,"column":36},"end":{"line":12,"column":1}},"line":9},"2":{"name":"(anonymous_2)","decl":{"start":{"line":16,"column":29},"end":{"line":16,"column":30}},"loc":{"start":{"line":16,"column":39},"end":{"line":20,"column":1}},"line":16},"3":{"name":"(anonymous_3)","decl":{"start":{"line":22,"column":29},"end":{"line":22,"column":30}},"loc":{"start":{"line":22,"column":39},"end":{"line":26,"column":1}},"line":22},"4":{"name":"(anonymous_4)","decl":{"start":{"line":28,"column":20},"end":{"line":28,"column":21}},"loc":{"start":{"line":28,"column":30},"end":{"line":34,"column":1}},"line":28},"5":{"name":"(anonymous_5)","decl":{"start":{"line":36,"column":26},"end":{"line":36,"column":27}},"loc":{"start":{"line":36,"column":36},"end":{"line":39,"column":1}},"line":36},"6":{"name":"(anonymous_6)","decl":{"start":{"line":41,"column":24},"end":{"line":41,"column":25}},"loc":{"start":{"line":41,"column":34},"end":{"line":54,"column":1}},"line":41},"7":{"name":"(anonymous_7)","decl":{"start":{"line":46,"column":36},"end":{"line":46,"column":37}},"loc":{"start":{"line":46,"column":50},"end":{"line":50,"column":5}},"line":46},"8":{"name":"(anonymous_8)","decl":{"start":{"line":56,"column":20},"end":{"line":56,"column":21}},"loc":{"start":{"line":56,"column":30},"end":{"line":59,"column":1}},"line":56},"9":{"name":"(anonymous_9)","decl":{"start":{"line":61,"column":29},"end":{"line":61,"column":30}},"loc":{"start":{"line":61,"column":39},"end":{"line":76,"column":1}},"line":61},"10":{"name":"(anonymous_10)","decl":{"start":{"line":64,"column":18},"end":{"line":64,"column":19}},"loc":{"start":{"line":64,"column":32},"end":{"line":74,"column":3}},"line":64},"11":{"name":"(anonymous_11)","decl":{"start":{"line":66,"column":20},"end":{"line":66,"column":21}},"loc":{"start":{"line":66,"column":43},"end":{"line":72,"column":5}},"line":66}},"branchMap":{"0":{"loc":{"start":{"line":30,"column":2},"end":{"line":32,"column":3}},"type":"if","locations":[{"start":{"line":30,"column":2},"end":{"line":32,"column":3}},{"start":{"line":30,"column":2},"end":{"line":32,"column":3}}],"line":30},"1":{"loc":{"start":{"line":43,"column":2},"end":{"line":45,"column":3}},"type":"if","locations":[{"start":{"line":43,"column":2},"end":{"line":45,"column":3}},{"start":{"line":43,"column":2},"end":{"line":45,"column":3}}],"line":43},"2":{"loc":{"start":{"line":43,"column":6},"end":{"line":43,"column":71}},"type":"binary-expr","locations":[{"start":{"line":43,"column":6},"end":{"line":43,"column":41}},{"start":{"line":43,"column":45},"end":{"line":43,"column":71}}],"line":43},"3":{"loc":{"start":{"line":45,"column":4},"end":{"line":52,"column":3}},"type":"if","locations":[{"start":{"line":45,"column":4},"end":{"line":52,"column":3}},{"start":{"line":45,"column":4},"end":{"line":52,"column":3}}],"line":45}},"s":{"0":1,"1":1,"2":1,"3":1,"4":3,"5":3,"6":1,"7":7,"8":7,"9":1,"10":13,"11":13,"12":13,"13":1,"14":13,"15":13,"16":13,"17":1,"18":12,"19":12,"20":11,"21":1,"22":1,"23":2,"24":2,"25":1,"26":11,"27":11,"28":10,"29":11,"30":1,"31":2,"32":2,"33":2,"34":1,"35":10,"36":1,"37":9,"38":9,"39":1,"40":8,"41":8,"42":8,"43":8,"44":8,"45":16,"46":8,"47":8,"48":1,"49":1},"f":{"0":3,"1":7,"2":13,"3":13,"4":12,"5":2,"6":11,"7":2,"8":9,"9":8,"10":8,"11":16},"b":{"0":[11,1],"1":[10,1],"2":[11,10],"3":[1,10]},"_coverageSchema":"1a1c01bbd47fc00a2c39e90264f33305004495a9","hash":"0bc35e199cebf3cdd164e90e97025b04885c5ecb"}
,"/home/laboratoria/Escritorio/LIM011-fe-md-links/src/md-links.js": {"path":"/home/laboratoria/Escritorio/LIM011-fe-md-links/src/md-links.js","statementMap":{"0":{"start":{"line":2,"column":18},"end":{"line":2,"column":41}},"1":{"start":{"line":3,"column":15},"end":{"line":3,"column":40}},"2":{"start":{"line":5,"column":16},"end":{"line":16,"column":1}},"3":{"start":{"line":6,"column":25},"end":{"line":14,"column":4}},"4":{"start":{"line":7,"column":19},"end":{"line":7,"column":53}},"5":{"start":{"line":8,"column":4},"end":{"line":13,"column":5}},"6":{"start":{"line":9,"column":6},"end":{"line":10,"column":37}},"7":{"start":{"line":10,"column":23},"end":{"line":10,"column":35}},"8":{"start":{"line":12,"column":6},"end":{"line":12,"column":53}},"9":{"start":{"line":15,"column":2},"end":{"line":15,"column":24}},"10":{"start":{"line":22,"column":15},"end":{"line":24,"column":1}},"11":{"start":{"line":26,"column":0},"end":{"line":26,"column":24}}},"fnMap":{"0":{"name":"(anonymous_0)","decl":{"start":{"line":5,"column":16},"end":{"line":5,"column":17}},"loc":{"start":{"line":5,"column":35},"end":{"line":16,"column":1}},"line":5},"1":{"name":"(anonymous_1)","decl":{"start":{"line":6,"column":37},"end":{"line":6,"column":38}},"loc":{"start":{"line":6,"column":50},"end":{"line":14,"column":3}},"line":6},"2":{"name":"(anonymous_2)","decl":{"start":{"line":10,"column":14},"end":{"line":10,"column":15}},"loc":{"start":{"line":10,"column":23},"end":{"line":10,"column":35}},"line":10}},"branchMap":{"0":{"loc":{"start":{"line":8,"column":4},"end":{"line":13,"column":5}},"type":"if","locations":[{"start":{"line":8,"column":4},"end":{"line":13,"column":5}},{"start":{"line":8,"column":4},"end":{"line":13,"column":5}}],"line":8}},"s":{"0":1,"1":1,"2":1,"3":6,"4":6,"5":6,"6":4,"7":4,"8":2,"9":6,"10":1,"11":1},"f":{"0":6,"1":6,"2":4},"b":{"0":[4,2]},"_coverageSchema":"1a1c01bbd47fc00a2c39e90264f33305004495a9","hash":"f513adc83f2414aa57d8eb4a5c4125beee9c4fa7"}
,"/home/laboratoria/Escritorio/LIM011-fe-md-links/src/md-linksCli.js": {"path":"/home/laboratoria/Escritorio/LIM011-fe-md-links/src/md-linksCli.js","statementMap":{"0":{"start":{"line":1,"column":11},"end":{"line":1,"column":24}},"1":{"start":{"line":2,"column":16},"end":{"line":2,"column":37}},"2":{"start":{"line":3,"column":14},"end":{"line":3,"column":34}},"3":{"start":{"line":6,"column":19},"end":{"line":45,"column":1}},"4":{"start":{"line":7,"column":2},"end":{"line":42,"column":3}},"5":{"start":{"line":8,"column":4},"end":{"line":15,"column":5}},"6":{"start":{"line":9,"column":6},"end":{"line":14,"column":11}},"7":{"start":{"line":10,"column":24},"end":{"line":10,"column":49}},"8":{"start":{"line":12,"column":25},"end":{"line":12,"column":92}},"9":{"start":{"line":13,"column":10},"end":{"line":13,"column":24}},"10":{"start":{"line":16,"column":4},"end":{"line":25,"column":5}},"11":{"start":{"line":17,"column":6},"end":{"line":24,"column":11}},"12":{"start":{"line":19,"column":27},"end":{"line":19,"column":29}},"13":{"start":{"line":20,"column":10},"end":{"line":22,"column":13}},"14":{"start":{"line":21,"column":12},"end":{"line":21,"column":152}},"15":{"start":{"line":23,"column":10},"end":{"line":23,"column":28}},"16":{"start":{"line":26,"column":4},"end":{"line":33,"column":5}},"17":{"start":{"line":27,"column":6},"end":{"line":32,"column":11}},"18":{"start":{"line":28,"column":24},"end":{"line":28,"column":41}},"19":{"start":{"line":30,"column":25},"end":{"line":30,"column":69}},"20":{"start":{"line":31,"column":10},"end":{"line":31,"column":24}},"21":{"start":{"line":34,"column":4},"end":{"line":41,"column":9}},"22":{"start":{"line":36,"column":24},"end":{"line":36,"column":26}},"23":{"start":{"line":37,"column":8},"end":{"line":39,"column":11}},"24":{"start":{"line":38,"column":10},"end":{"line":38,"column":95}},"25":{"start":{"line":40,"column":8},"end":{"line":40,"column":25}},"26":{"start":{"line":42,"column":4},"end":{"line":44,"column":5}},"27":{"start":{"line":43,"column":4},"end":{"line":43,"column":38}},"28":{"start":{"line":47,"column":0},"end":{"line":47,"column":28}}},"fnMap":{"0":{"name":"(anonymous_0)","decl":{"start":{"line":6,"column":19},"end":{"line":6,"column":20}},"loc":{"start":{"line":6,"column":46},"end":{"line":45,"column":1}},"line":6},"1":{"name":"(anonymous_1)","decl":{"start":{"line":10,"column":14},"end":{"line":10,"column":15}},"loc":{"start":{"line":10,"column":24},"end":{"line":10,"column":49}},"line":10},"2":{"name":"(anonymous_2)","decl":{"start":{"line":11,"column":14},"end":{"line":11,"column":15}},"loc":{"start":{"line":11,"column":23},"end":{"line":14,"column":9}},"line":11},"3":{"name":"(anonymous_3)","decl":{"start":{"line":18,"column":14},"end":{"line":18,"column":15}},"loc":{"start":{"line":18,"column":23},"end":{"line":24,"column":9}},"line":18},"4":{"name":"(anonymous_4)","decl":{"start":{"line":20,"column":22},"end":{"line":20,"column":23}},"loc":{"start":{"line":20,"column":36},"end":{"line":22,"column":11}},"line":20},"5":{"name":"(anonymous_5)","decl":{"start":{"line":28,"column":14},"end":{"line":28,"column":15}},"loc":{"start":{"line":28,"column":24},"end":{"line":28,"column":41}},"line":28},"6":{"name":"(anonymous_6)","decl":{"start":{"line":29,"column":14},"end":{"line":29,"column":15}},"loc":{"start":{"line":29,"column":23},"end":{"line":32,"column":9}},"line":29},"7":{"name":"(anonymous_7)","decl":{"start":{"line":35,"column":12},"end":{"line":35,"column":13}},"loc":{"start":{"line":35,"column":21},"end":{"line":41,"column":7}},"line":35},"8":{"name":"(anonymous_8)","decl":{"start":{"line":37,"column":20},"end":{"line":37,"column":21}},"loc":{"start":{"line":37,"column":34},"end":{"line":39,"column":9}},"line":37},"9":{"name":"(anonymous_9)","decl":{"start":{"line":42,"column":23},"end":{"line":42,"column":24}},"loc":{"start":{"line":42,"column":35},"end":{"line":44,"column":3}},"line":42}},"branchMap":{"0":{"loc":{"start":{"line":7,"column":2},"end":{"line":42,"column":3}},"type":"if","locations":[{"start":{"line":7,"column":2},"end":{"line":42,"column":3}},{"start":{"line":7,"column":2},"end":{"line":42,"column":3}}],"line":7},"1":{"loc":{"start":{"line":8,"column":4},"end":{"line":15,"column":5}},"type":"if","locations":[{"start":{"line":8,"column":4},"end":{"line":15,"column":5}},{"start":{"line":8,"column":4},"end":{"line":15,"column":5}}],"line":8},"2":{"loc":{"start":{"line":8,"column":8},"end":{"line":8,"column":56}},"type":"binary-expr","locations":[{"start":{"line":8,"column":8},"end":{"line":8,"column":28}},{"start":{"line":8,"column":32},"end":{"line":8,"column":56}}],"line":8},"3":{"loc":{"start":{"line":16,"column":4},"end":{"line":25,"column":5}},"type":"if","locations":[{"start":{"line":16,"column":4},"end":{"line":25,"column":5}},{"start":{"line":16,"column":4},"end":{"line":25,"column":5}}],"line":16},"4":{"loc":{"start":{"line":26,"column":4},"end":{"line":33,"column":5}},"type":"if","locations":[{"start":{"line":26,"column":4},"end":{"line":33,"column":5}},{"start":{"line":26,"column":4},"end":{"line":33,"column":5}}],"line":26}},"s":{"0":1,"1":1,"2":1,"3":1,"4":5,"5":4,"6":1,"7":1,"8":1,"9":1,"10":3,"11":1,"12":1,"13":1,"14":2,"15":1,"16":2,"17":1,"18":1,"19":1,"20":1,"21":1,"22":1,"23":1,"24":2,"25":1,"26":1,"27":1,"28":1},"f":{"0":5,"1":1,"2":1,"3":1,"4":2,"5":1,"6":1,"7":1,"8":2,"9":1},"b":{"0":[4,1],"1":[1,3],"2":[4,2],"3":[1,2],"4":[1,1]},"_coverageSchema":"1a1c01bbd47fc00a2c39e90264f33305004495a9","hash":"f3618483f08cda6e5726c12dd23fc27dc7b144b3"}
,"/home/laboratoria/Escritorio/LIM011-fe-md-links/src/validar.js": {"path":"/home/laboratoria/Escritorio/LIM011-fe-md-links/src/validar.js","statementMap":{"0":{"start":{"line":1,"column":14},"end":{"line":1,"column":35}},"1":{"start":{"line":2,"column":18},"end":{"line":2,"column":41}},"2":{"start":{"line":4,"column":21},"end":{"line":27,"column":1}},"3":{"start":{"line":5,"column":30},"end":{"line":5,"column":32}},"4":{"start":{"line":6,"column":2},"end":{"line":25,"column":5}},"5":{"start":{"line":7,"column":4},"end":{"line":24,"column":10}},"6":{"start":{"line":10,"column":8},"end":{"line":12,"column":9}},"7":{"start":{"line":11,"column":10},"end":{"line":11,"column":25}},"8":{"start":{"line":13,"column":8},"end":{"line":15,"column":9}},"9":{"start":{"line":14,"column":10},"end":{"line":14,"column":27}},"10":{"start":{"line":16,"column":20},"end":{"line":22,"column":9}},"11":{"start":{"line":23,"column":8},"end":{"line":23,"column":19}},"12":{"start":{"line":26,"column":2},"end":{"line":26,"column":42}},"13":{"start":{"line":33,"column":15},"end":{"line":35,"column":1}},"14":{"start":{"line":38,"column":0},"end":{"line":38,"column":24}}},"fnMap":{"0":{"name":"(anonymous_0)","decl":{"start":{"line":4,"column":21},"end":{"line":4,"column":22}},"loc":{"start":{"line":4,"column":31},"end":{"line":27,"column":1}},"line":4},"1":{"name":"(anonymous_1)","decl":{"start":{"line":6,"column":46},"end":{"line":6,"column":47}},"loc":{"start":{"line":6,"column":60},"end":{"line":25,"column":3}},"line":6},"2":{"name":"(anonymous_2)","decl":{"start":{"line":8,"column":12},"end":{"line":8,"column":13}},"loc":{"start":{"line":8,"column":21},"end":{"line":24,"column":7}},"line":8}},"branchMap":{"0":{"loc":{"start":{"line":10,"column":8},"end":{"line":12,"column":9}},"type":"if","locations":[{"start":{"line":10,"column":8},"end":{"line":12,"column":9}},{"start":{"line":10,"column":8},"end":{"line":12,"column":9}}],"line":10},"1":{"loc":{"start":{"line":10,"column":12},"end":{"line":10,"column":49}},"type":"binary-expr","locations":[{"start":{"line":10,"column":12},"end":{"line":10,"column":29}},{"start":{"line":10,"column":33},"end":{"line":10,"column":49}}],"line":10},"2":{"loc":{"start":{"line":13,"column":8},"end":{"line":15,"column":9}},"type":"if","locations":[{"start":{"line":13,"column":8},"end":{"line":15,"column":9}},{"start":{"line":13,"column":8},"end":{"line":15,"column":9}}],"line":13}},"s":{"0":1,"1":1,"2":1,"3":5,"4":5,"5":10,"6":10,"7":5,"8":10,"9":5,"10":10,"11":10,"12":5,"13":1,"14":1},"f":{"0":5,"1":10,"2":10},"b":{"0":[5,5],"1":[10,10],"2":[5,5]},"_coverageSchema":"1a1c01bbd47fc00a2c39e90264f33305004495a9","hash":"1bf0922e9b9b6d3b3d81e9781c883fb60c787cc8"}
}
