{"/home/laboratoria/Escritorio/LIM011-fe-md-links/__mock__/node-fetch.js": {"path":"/home/laboratoria/Escritorio/LIM011-fe-md-links/__mock__/node-fetch.js","statementMap":{"0":{"start":{"line":1,"column":18},"end":{"line":1,"column":39}},"1":{"start":{"line":3,"column":14},"end":{"line":3,"column":33}},"2":{"start":{"line":4,"column":0},"end":{"line":4,"column":23}}},"fnMap":{},"branchMap":{},"s":{"0":1,"1":1,"2":1},"f":{},"b":{},"_coverageSchema":"1a1c01bbd47fc00a2c39e90264f33305004495a9","hash":"c39ee939a9e68e1c2f3447fad43700e5b3f6324c"}
,"/home/laboratoria/Escritorio/LIM011-fe-md-links/src/functions.js": {"path":"/home/laboratoria/Escritorio/LIM011-fe-md-links/src/functions.js","statementMap":{"0":{"start":{"line":1,"column":13},"end":{"line":1,"column":28}},"1":{"start":{"line":2,"column":11},"end":{"line":2,"column":24}},"2":{"start":{"line":3,"column":15},"end":{"line":3,"column":32}},"3":{"start":{"line":5,"column":23},"end":{"line":8,"column":1}},"4":{"start":{"line":6,"column":21},"end":{"line":6,"column":42}},"5":{"start":{"line":7,"column":2},"end":{"line":7,"column":20}},"6":{"start":{"line":9,"column":30},"end":{"line":12,"column":1}},"7":{"start":{"line":10,"column":22},"end":{"line":10,"column":40}},"8":{"start":{"line":11,"column":2},"end":{"line":11,"column":21}},"9":{"start":{"line":14,"column":29},"end":{"line":18,"column":1}},"10":{"start":{"line":15,"column":23},"end":{"line":15,"column":41}},"11":{"start":{"line":16,"column":20},"end":{"line":16,"column":41}},"12":{"start":{"line":17,"column":2},"end":{"line":17,"column":19}},"13":{"start":{"line":20,"column":29},"end":{"line":24,"column":1}},"14":{"start":{"line":21,"column":23},"end":{"line":21,"column":41}},"15":{"start":{"line":22,"column":20},"end":{"line":22,"column":46}},"16":{"start":{"line":23,"column":2},"end":{"line":23,"column":19}},"17":{"start":{"line":26,"column":25},"end":{"line":32,"column":1}},"18":{"start":{"line":27,"column":20},"end":{"line":27,"column":38}},"19":{"start":{"line":28,"column":2},"end":{"line":30,"column":3}},"20":{"start":{"line":29,"column":4},"end":{"line":29,"column":16}},"21":{"start":{"line":31,"column":2},"end":{"line":31,"column":15}},"22":{"start":{"line":34,"column":26},"end":{"line":37,"column":1}},"23":{"start":{"line":35,"column":26},"end":{"line":35,"column":46}},"24":{"start":{"line":36,"column":2},"end":{"line":36,"column":25}},"25":{"start":{"line":39,"column":29},"end":{"line":52,"column":1}},"26":{"start":{"line":40,"column":29},"end":{"line":40,"column":31}},"27":{"start":{"line":41,"column":2},"end":{"line":43,"column":3}},"28":{"start":{"line":42,"column":4},"end":{"line":42,"column":36}},"29":{"start":{"line":43,"column":4},"end":{"line":50,"column":3}},"30":{"start":{"line":44,"column":4},"end":{"line":48,"column":7}},"31":{"start":{"line":45,"column":27},"end":{"line":45,"column":52}},"32":{"start":{"line":46,"column":39},"end":{"line":46,"column":73}},"33":{"start":{"line":47,"column":6},"end":{"line":47,"column":83}},"34":{"start":{"line":49,"column":4},"end":{"line":49,"column":32}},"35":{"start":{"line":51,"column":2},"end":{"line":51,"column":30}},"36":{"start":{"line":54,"column":36},"end":{"line":57,"column":1}},"37":{"start":{"line":55,"column":29},"end":{"line":55,"column":59}},"38":{"start":{"line":56,"column":2},"end":{"line":56,"column":28}},"39":{"start":{"line":59,"column":29},"end":{"line":74,"column":1}},"40":{"start":{"line":60,"column":21},"end":{"line":60,"column":23}},"41":{"start":{"line":61,"column":26},"end":{"line":61,"column":52}},"42":{"start":{"line":62,"column":2},"end":{"line":72,"column":5}},"43":{"start":{"line":63,"column":21},"end":{"line":63,"column":42}},"44":{"start":{"line":64,"column":4},"end":{"line":70,"column":6}},"45":{"start":{"line":65,"column":6},"end":{"line":69,"column":9}},"46":{"start":{"line":71,"column":4},"end":{"line":71,"column":64}},"47":{"start":{"line":73,"column":2},"end":{"line":73,"column":20}},"48":{"start":{"line":77,"column":18},"end":{"line":87,"column":1}},"49":{"start":{"line":89,"column":0},"end":{"line":89,"column":27}}},"fnMap":{"0":{"name":"(anonymous_0)","decl":{"start":{"line":5,"column":23},"end":{"line":5,"column":24}},"loc":{"start":{"line":5,"column":33},"end":{"line":8,"column":1}},"line":5},"1":{"name":"(anonymous_1)","decl":{"start":{"line":9,"column":30},"end":{"line":9,"column":31}},"loc":{"start":{"line":9,"column":40},"end":{"line":12,"column":1}},"line":9},"2":{"name":"(anonymous_2)","decl":{"start":{"line":14,"column":29},"end":{"line":14,"column":30}},"loc":{"start":{"line":14,"column":39},"end":{"line":18,"column":1}},"line":14},"3":{"name":"(anonymous_3)","decl":{"start":{"line":20,"column":29},"end":{"line":20,"column":30}},"loc":{"start":{"line":20,"column":39},"end":{"line":24,"column":1}},"line":20},"4":{"name":"(anonymous_4)","decl":{"start":{"line":26,"column":25},"end":{"line":26,"column":26}},"loc":{"start":{"line":26,"column":35},"end":{"line":32,"column":1}},"line":26},"5":{"name":"(anonymous_5)","decl":{"start":{"line":34,"column":26},"end":{"line":34,"column":27}},"loc":{"start":{"line":34,"column":36},"end":{"line":37,"column":1}},"line":34},"6":{"name":"(anonymous_6)","decl":{"start":{"line":39,"column":29},"end":{"line":39,"column":30}},"loc":{"start":{"line":39,"column":39},"end":{"line":52,"column":1}},"line":39},"7":{"name":"(anonymous_7)","decl":{"start":{"line":44,"column":36},"end":{"line":44,"column":37}},"loc":{"start":{"line":44,"column":50},"end":{"line":48,"column":5}},"line":44},"8":{"name":"(anonymous_8)","decl":{"start":{"line":54,"column":36},"end":{"line":54,"column":37}},"loc":{"start":{"line":54,"column":46},"end":{"line":57,"column":1}},"line":54},"9":{"name":"(anonymous_9)","decl":{"start":{"line":59,"column":29},"end":{"line":59,"column":30}},"loc":{"start":{"line":59,"column":39},"end":{"line":74,"column":1}},"line":59},"10":{"name":"(anonymous_10)","decl":{"start":{"line":62,"column":26},"end":{"line":62,"column":27}},"loc":{"start":{"line":62,"column":40},"end":{"line":72,"column":3}},"line":62},"11":{"name":"(anonymous_11)","decl":{"start":{"line":64,"column":20},"end":{"line":64,"column":21}},"loc":{"start":{"line":64,"column":43},"end":{"line":70,"column":5}},"line":64}},"branchMap":{"0":{"loc":{"start":{"line":28,"column":2},"end":{"line":30,"column":3}},"type":"if","locations":[{"start":{"line":28,"column":2},"end":{"line":30,"column":3}},{"start":{"line":28,"column":2},"end":{"line":30,"column":3}}],"line":28},"1":{"loc":{"start":{"line":41,"column":2},"end":{"line":43,"column":3}},"type":"if","locations":[{"start":{"line":41,"column":2},"end":{"line":43,"column":3}},{"start":{"line":41,"column":2},"end":{"line":43,"column":3}}],"line":41},"2":{"loc":{"start":{"line":41,"column":6},"end":{"line":41,"column":76}},"type":"binary-expr","locations":[{"start":{"line":41,"column":6},"end":{"line":41,"column":41}},{"start":{"line":41,"column":45},"end":{"line":41,"column":76}}],"line":41},"3":{"loc":{"start":{"line":43,"column":4},"end":{"line":50,"column":3}},"type":"if","locations":[{"start":{"line":43,"column":4},"end":{"line":50,"column":3}},{"start":{"line":43,"column":4},"end":{"line":50,"column":3}}],"line":43}},"s":{"0":1,"1":1,"2":1,"3":1,"4":3,"5":3,"6":1,"7":7,"8":7,"9":1,"10":13,"11":13,"12":13,"13":1,"14":13,"15":13,"16":13,"17":1,"18":12,"19":12,"20":11,"21":1,"22":1,"23":2,"24":2,"25":1,"26":11,"27":11,"28":10,"29":11,"30":1,"31":2,"32":2,"33":2,"34":1,"35":10,"36":1,"37":9,"38":9,"39":1,"40":8,"41":8,"42":8,"43":8,"44":8,"45":16,"46":8,"47":8,"48":1,"49":1},"f":{"0":3,"1":7,"2":13,"3":13,"4":12,"5":2,"6":11,"7":2,"8":9,"9":8,"10":8,"11":16},"b":{"0":[11,1],"1":[10,1],"2":[11,10],"3":[1,10]},"_coverageSchema":"1a1c01bbd47fc00a2c39e90264f33305004495a9","hash":"961252197cca068bdb5e0616a2928613a59eff39"}
,"/home/laboratoria/Escritorio/LIM011-fe-md-links/src/md-links.js": {"path":"/home/laboratoria/Escritorio/LIM011-fe-md-links/src/md-links.js","statementMap":{"0":{"start":{"line":2,"column":18},"end":{"line":2,"column":40}},"1":{"start":{"line":3,"column":20},"end":{"line":3,"column":41}},"2":{"start":{"line":5,"column":16},"end":{"line":16,"column":1}},"3":{"start":{"line":6,"column":25},"end":{"line":14,"column":4}},"4":{"start":{"line":7,"column":25},"end":{"line":7,"column":62}},"5":{"start":{"line":8,"column":4},"end":{"line":13,"column":5}},"6":{"start":{"line":9,"column":6},"end":{"line":10,"column":37}},"7":{"start":{"line":10,"column":23},"end":{"line":10,"column":35}},"8":{"start":{"line":12,"column":6},"end":{"line":12,"column":59}},"9":{"start":{"line":15,"column":2},"end":{"line":15,"column":24}},"10":{"start":{"line":22,"column":0},"end":{"line":22,"column":25}}},"fnMap":{"0":{"name":"(anonymous_0)","decl":{"start":{"line":5,"column":16},"end":{"line":5,"column":17}},"loc":{"start":{"line":5,"column":35},"end":{"line":16,"column":1}},"line":5},"1":{"name":"(anonymous_1)","decl":{"start":{"line":6,"column":37},"end":{"line":6,"column":38}},"loc":{"start":{"line":6,"column":50},"end":{"line":14,"column":3}},"line":6},"2":{"name":"(anonymous_2)","decl":{"start":{"line":10,"column":14},"end":{"line":10,"column":15}},"loc":{"start":{"line":10,"column":23},"end":{"line":10,"column":35}},"line":10}},"branchMap":{"0":{"loc":{"start":{"line":8,"column":4},"end":{"line":13,"column":5}},"type":"if","locations":[{"start":{"line":8,"column":4},"end":{"line":13,"column":5}},{"start":{"line":8,"column":4},"end":{"line":13,"column":5}}],"line":8}},"s":{"0":1,"1":1,"2":1,"3":6,"4":6,"5":6,"6":4,"7":4,"8":2,"9":6,"10":1},"f":{"0":6,"1":6,"2":4},"b":{"0":[4,2]},"_coverageSchema":"1a1c01bbd47fc00a2c39e90264f33305004495a9","hash":"5f6cafcb36940ccd029fbf8e9bb80dc1e725c638"}
,"/home/laboratoria/Escritorio/LIM011-fe-md-links/src/md-linksCli.js": {"path":"/home/laboratoria/Escritorio/LIM011-fe-md-links/src/md-linksCli.js","statementMap":{"0":{"start":{"line":1,"column":11},"end":{"line":1,"column":24}},"1":{"start":{"line":2,"column":16},"end":{"line":2,"column":37}},"2":{"start":{"line":3,"column":14},"end":{"line":3,"column":32}},"3":{"start":{"line":6,"column":19},"end":{"line":45,"column":1}},"4":{"start":{"line":7,"column":2},"end":{"line":42,"column":3}},"5":{"start":{"line":8,"column":4},"end":{"line":15,"column":5}},"6":{"start":{"line":9,"column":6},"end":{"line":14,"column":11}},"7":{"start":{"line":10,"column":24},"end":{"line":10,"column":49}},"8":{"start":{"line":12,"column":25},"end":{"line":12,"column":92}},"9":{"start":{"line":13,"column":10},"end":{"line":13,"column":24}},"10":{"start":{"line":16,"column":4},"end":{"line":25,"column":5}},"11":{"start":{"line":17,"column":6},"end":{"line":24,"column":11}},"12":{"start":{"line":19,"column":27},"end":{"line":19,"column":29}},"13":{"start":{"line":20,"column":10},"end":{"line":22,"column":13}},"14":{"start":{"line":21,"column":12},"end":{"line":21,"column":152}},"15":{"start":{"line":23,"column":10},"end":{"line":23,"column":28}},"16":{"start":{"line":26,"column":4},"end":{"line":33,"column":5}},"17":{"start":{"line":27,"column":6},"end":{"line":32,"column":11}},"18":{"start":{"line":28,"column":24},"end":{"line":28,"column":41}},"19":{"start":{"line":30,"column":25},"end":{"line":30,"column":69}},"20":{"start":{"line":31,"column":10},"end":{"line":31,"column":24}},"21":{"start":{"line":34,"column":4},"end":{"line":41,"column":9}},"22":{"start":{"line":36,"column":24},"end":{"line":36,"column":26}},"23":{"start":{"line":37,"column":8},"end":{"line":39,"column":11}},"24":{"start":{"line":38,"column":10},"end":{"line":38,"column":95}},"25":{"start":{"line":40,"column":8},"end":{"line":40,"column":25}},"26":{"start":{"line":42,"column":4},"end":{"line":44,"column":5}},"27":{"start":{"line":43,"column":4},"end":{"line":43,"column":38}},"28":{"start":{"line":47,"column":0},"end":{"line":47,"column":28}}},"fnMap":{"0":{"name":"(anonymous_0)","decl":{"start":{"line":6,"column":19},"end":{"line":6,"column":20}},"loc":{"start":{"line":6,"column":46},"end":{"line":45,"column":1}},"line":6},"1":{"name":"(anonymous_1)","decl":{"start":{"line":10,"column":14},"end":{"line":10,"column":15}},"loc":{"start":{"line":10,"column":24},"end":{"line":10,"column":49}},"line":10},"2":{"name":"(anonymous_2)","decl":{"start":{"line":11,"column":14},"end":{"line":11,"column":15}},"loc":{"start":{"line":11,"column":23},"end":{"line":14,"column":9}},"line":11},"3":{"name":"(anonymous_3)","decl":{"start":{"line":18,"column":14},"end":{"line":18,"column":15}},"loc":{"start":{"line":18,"column":23},"end":{"line":24,"column":9}},"line":18},"4":{"name":"(anonymous_4)","decl":{"start":{"line":20,"column":22},"end":{"line":20,"column":23}},"loc":{"start":{"line":20,"column":36},"end":{"line":22,"column":11}},"line":20},"5":{"name":"(anonymous_5)","decl":{"start":{"line":28,"column":14},"end":{"line":28,"column":15}},"loc":{"start":{"line":28,"column":24},"end":{"line":28,"column":41}},"line":28},"6":{"name":"(anonymous_6)","decl":{"start":{"line":29,"column":14},"end":{"line":29,"column":15}},"loc":{"start":{"line":29,"column":23},"end":{"line":32,"column":9}},"line":29},"7":{"name":"(anonymous_7)","decl":{"start":{"line":35,"column":12},"end":{"line":35,"column":13}},"loc":{"start":{"line":35,"column":21},"end":{"line":41,"column":7}},"line":35},"8":{"name":"(anonymous_8)","decl":{"start":{"line":37,"column":20},"end":{"line":37,"column":21}},"loc":{"start":{"line":37,"column":34},"end":{"line":39,"column":9}},"line":37},"9":{"name":"(anonymous_9)","decl":{"start":{"line":42,"column":23},"end":{"line":42,"column":24}},"loc":{"start":{"line":42,"column":35},"end":{"line":44,"column":3}},"line":42}},"branchMap":{"0":{"loc":{"start":{"line":7,"column":2},"end":{"line":42,"column":3}},"type":"if","locations":[{"start":{"line":7,"column":2},"end":{"line":42,"column":3}},{"start":{"line":7,"column":2},"end":{"line":42,"column":3}}],"line":7},"1":{"loc":{"start":{"line":8,"column":4},"end":{"line":15,"column":5}},"type":"if","locations":[{"start":{"line":8,"column":4},"end":{"line":15,"column":5}},{"start":{"line":8,"column":4},"end":{"line":15,"column":5}}],"line":8},"2":{"loc":{"start":{"line":8,"column":8},"end":{"line":8,"column":56}},"type":"binary-expr","locations":[{"start":{"line":8,"column":8},"end":{"line":8,"column":28}},{"start":{"line":8,"column":32},"end":{"line":8,"column":56}}],"line":8},"3":{"loc":{"start":{"line":16,"column":4},"end":{"line":25,"column":5}},"type":"if","locations":[{"start":{"line":16,"column":4},"end":{"line":25,"column":5}},{"start":{"line":16,"column":4},"end":{"line":25,"column":5}}],"line":16},"4":{"loc":{"start":{"line":26,"column":4},"end":{"line":33,"column":5}},"type":"if","locations":[{"start":{"line":26,"column":4},"end":{"line":33,"column":5}},{"start":{"line":26,"column":4},"end":{"line":33,"column":5}}],"line":26}},"s":{"0":1,"1":1,"2":1,"3":1,"4":5,"5":4,"6":1,"7":1,"8":1,"9":1,"10":3,"11":1,"12":1,"13":1,"14":2,"15":1,"16":2,"17":1,"18":1,"19":1,"20":1,"21":1,"22":1,"23":1,"24":2,"25":1,"26":1,"27":1,"28":1},"f":{"0":5,"1":1,"2":1,"3":1,"4":2,"5":1,"6":1,"7":1,"8":2,"9":1},"b":{"0":[4,1],"1":[1,3],"2":[4,2],"3":[1,2],"4":[1,1]},"_coverageSchema":"1a1c01bbd47fc00a2c39e90264f33305004495a9","hash":"aeeb956571e16c1fb90451198ecb5218c8af4fe7"}
,"/home/laboratoria/Escritorio/LIM011-fe-md-links/src/stats.js": {"path":"/home/laboratoria/Escritorio/LIM011-fe-md-links/src/stats.js","statementMap":{"0":{"start":{"line":1,"column":14},"end":{"line":13,"column":1}},"1":{"start":{"line":2,"column":19},"end":{"line":2,"column":21}},"2":{"start":{"line":3,"column":21},"end":{"line":3,"column":32}},"3":{"start":{"line":4,"column":2},"end":{"line":6,"column":5}},"4":{"start":{"line":5,"column":4},"end":{"line":5,"column":32}},"5":{"start":{"line":7,"column":22},"end":{"line":7,"column":39}},"6":{"start":{"line":8,"column":14},"end":{"line":11,"column":3}},"7":{"start":{"line":12,"column":2},"end":{"line":12,"column":13}},"8":{"start":{"line":16,"column":22},"end":{"line":30,"column":1}},"9":{"start":{"line":17,"column":19},"end":{"line":17,"column":21}},"10":{"start":{"line":18,"column":21},"end":{"line":18,"column":32}},"11":{"start":{"line":19,"column":22},"end":{"line":19,"column":83}},"12":{"start":{"line":19,"column":48},"end":{"line":19,"column":75}},"13":{"start":{"line":20,"column":2},"end":{"line":22,"column":5}},"14":{"start":{"line":21,"column":4},"end":{"line":21,"column":33}},"15":{"start":{"line":23,"column":22},"end":{"line":23,"column":39}},"16":{"start":{"line":24,"column":14},"end":{"line":28,"column":3}},"17":{"start":{"line":29,"column":2},"end":{"line":29,"column":13}},"18":{"start":{"line":32,"column":15},"end":{"line":35,"column":1}},"19":{"start":{"line":37,"column":0},"end":{"line":37,"column":24}}},"fnMap":{"0":{"name":"(anonymous_0)","decl":{"start":{"line":1,"column":14},"end":{"line":1,"column":15}},"loc":{"start":{"line":1,"column":24},"end":{"line":13,"column":1}},"line":1},"1":{"name":"(anonymous_1)","decl":{"start":{"line":4,"column":15},"end":{"line":4,"column":16}},"loc":{"start":{"line":4,"column":28},"end":{"line":6,"column":3}},"line":4},"2":{"name":"(anonymous_2)","decl":{"start":{"line":16,"column":22},"end":{"line":16,"column":23}},"loc":{"start":{"line":16,"column":32},"end":{"line":30,"column":1}},"line":16},"3":{"name":"(anonymous_3)","decl":{"start":{"line":19,"column":34},"end":{"line":19,"column":35}},"loc":{"start":{"line":19,"column":48},"end":{"line":19,"column":75}},"line":19},"4":{"name":"(anonymous_4)","decl":{"start":{"line":20,"column":15},"end":{"line":20,"column":16}},"loc":{"start":{"line":20,"column":29},"end":{"line":22,"column":3}},"line":20}},"branchMap":{},"s":{"0":1,"1":2,"2":2,"3":2,"4":4,"5":2,"6":2,"7":2,"8":1,"9":2,"10":2,"11":2,"12":4,"13":2,"14":4,"15":2,"16":2,"17":2,"18":1,"19":1},"f":{"0":2,"1":4,"2":2,"3":4,"4":4},"b":{},"_coverageSchema":"1a1c01bbd47fc00a2c39e90264f33305004495a9","hash":"ec87e7297ec954f57f4b53c83a0e6ac4712267ad"}
,"/home/laboratoria/Escritorio/LIM011-fe-md-links/src/validate.js": {"path":"/home/laboratoria/Escritorio/LIM011-fe-md-links/src/validate.js","statementMap":{"0":{"start":{"line":1,"column":14},"end":{"line":1,"column":35}},"1":{"start":{"line":2,"column":18},"end":{"line":2,"column":40}},"2":{"start":{"line":4,"column":21},"end":{"line":27,"column":1}},"3":{"start":{"line":5,"column":30},"end":{"line":5,"column":32}},"4":{"start":{"line":6,"column":2},"end":{"line":25,"column":5}},"5":{"start":{"line":7,"column":4},"end":{"line":24,"column":10}},"6":{"start":{"line":10,"column":8},"end":{"line":12,"column":9}},"7":{"start":{"line":11,"column":10},"end":{"line":11,"column":25}},"8":{"start":{"line":13,"column":8},"end":{"line":15,"column":9}},"9":{"start":{"line":14,"column":10},"end":{"line":14,"column":27}},"10":{"start":{"line":16,"column":20},"end":{"line":22,"column":9}},"11":{"start":{"line":23,"column":8},"end":{"line":23,"column":19}},"12":{"start":{"line":26,"column":2},"end":{"line":26,"column":42}},"13":{"start":{"line":33,"column":0},"end":{"line":33,"column":30}}},"fnMap":{"0":{"name":"(anonymous_0)","decl":{"start":{"line":4,"column":21},"end":{"line":4,"column":22}},"loc":{"start":{"line":4,"column":31},"end":{"line":27,"column":1}},"line":4},"1":{"name":"(anonymous_1)","decl":{"start":{"line":6,"column":46},"end":{"line":6,"column":47}},"loc":{"start":{"line":6,"column":60},"end":{"line":25,"column":3}},"line":6},"2":{"name":"(anonymous_2)","decl":{"start":{"line":8,"column":12},"end":{"line":8,"column":13}},"loc":{"start":{"line":8,"column":21},"end":{"line":24,"column":7}},"line":8}},"branchMap":{"0":{"loc":{"start":{"line":10,"column":8},"end":{"line":12,"column":9}},"type":"if","locations":[{"start":{"line":10,"column":8},"end":{"line":12,"column":9}},{"start":{"line":10,"column":8},"end":{"line":12,"column":9}}],"line":10},"1":{"loc":{"start":{"line":10,"column":12},"end":{"line":10,"column":49}},"type":"binary-expr","locations":[{"start":{"line":10,"column":12},"end":{"line":10,"column":29}},{"start":{"line":10,"column":33},"end":{"line":10,"column":49}}],"line":10},"2":{"loc":{"start":{"line":13,"column":8},"end":{"line":15,"column":9}},"type":"if","locations":[{"start":{"line":13,"column":8},"end":{"line":15,"column":9}},{"start":{"line":13,"column":8},"end":{"line":15,"column":9}}],"line":13}},"s":{"0":1,"1":1,"2":1,"3":5,"4":5,"5":10,"6":10,"7":5,"8":10,"9":5,"10":10,"11":10,"12":5,"13":1},"f":{"0":5,"1":10,"2":10},"b":{"0":[5,5],"1":[10,10],"2":[5,5]},"_coverageSchema":"1a1c01bbd47fc00a2c39e90264f33305004495a9","hash":"99bc68030c9ab178b05f19ab9b3fead746caeae0"}
}
