TN:
SF:__mock__/node-fetch.js
FNF:0
FNH:0
DA:1,1
DA:3,1
DA:4,1
LF:3
LH:3
BRF:0
BRH:0
end_of_record
TN:
SF:src/functions.js
FN:5,(anonymous_0)
FN:9,(anonymous_1)
FN:16,(anonymous_2)
FN:22,(anonymous_3)
FN:28,(anonymous_4)
FN:36,(anonymous_5)
FN:41,(anonymous_6)
FN:46,(anonymous_7)
FN:56,(anonymous_8)
FN:61,(anonymous_9)
FN:64,(anonymous_10)
FN:66,(anonymous_11)
FNF:12
FNH:12
FNDA:3,(anonymous_0)
FNDA:7,(anonymous_1)
FNDA:13,(anonymous_2)
FNDA:13,(anonymous_3)
FNDA:12,(anonymous_4)
FNDA:2,(anonymous_5)
FNDA:11,(anonymous_6)
FNDA:2,(anonymous_7)
FNDA:9,(anonymous_8)
FNDA:8,(anonymous_9)
FNDA:8,(anonymous_10)
FNDA:16,(anonymous_11)
DA:1,1
DA:2,1
DA:3,1
DA:5,1
DA:6,3
DA:7,3
DA:9,1
DA:10,7
DA:11,7
DA:16,1
DA:17,13
DA:18,13
DA:19,13
DA:22,1
DA:23,13
DA:24,13
DA:25,13
DA:28,1
DA:29,12
DA:30,12
DA:31,11
DA:33,1
DA:36,1
DA:37,2
DA:38,2
DA:41,1
DA:42,11
DA:43,11
DA:44,10
DA:45,11
DA:46,1
DA:47,2
DA:48,2
DA:49,2
DA:51,1
DA:53,10
DA:56,1
DA:57,9
DA:58,9
DA:61,1
DA:62,8
DA:63,8
DA:64,8
DA:65,8
DA:66,8
DA:67,16
DA:73,8
DA:75,8
DA:79,1
DA:91,1
LF:50
LH:50
BRDA:30,0,0,11
BRDA:30,0,1,1
BRDA:43,1,0,10
BRDA:43,1,1,1
BRDA:43,2,0,11
BRDA:43,2,1,10
BRDA:45,3,0,1
BRDA:45,3,1,10
BRF:8
BRH:8
end_of_record
TN:
SF:src/md-links.js
FN:5,(anonymous_0)
FN:6,(anonymous_1)
FN:10,(anonymous_2)
FNF:3
FNH:3
FNDA:6,(anonymous_0)
FNDA:6,(anonymous_1)
FNDA:4,(anonymous_2)
DA:2,1
DA:3,1
DA:5,1
DA:6,6
DA:7,6
DA:8,6
DA:9,4
DA:10,4
DA:12,2
DA:15,6
DA:22,1
DA:26,1
LF:12
LH:12
BRDA:8,0,0,4
BRDA:8,0,1,2
BRF:2
BRH:2
end_of_record
TN:
SF:src/md-linksCli.js
FN:6,(anonymous_0)
FN:10,(anonymous_1)
FN:11,(anonymous_2)
FN:18,(anonymous_3)
FN:20,(anonymous_4)
FN:28,(anonymous_5)
FN:29,(anonymous_6)
FN:35,(anonymous_7)
FN:37,(anonymous_8)
FN:42,(anonymous_9)
FNF:10
FNH:10
FNDA:5,(anonymous_0)
FNDA:1,(anonymous_1)
FNDA:1,(anonymous_2)
FNDA:1,(anonymous_3)
FNDA:2,(anonymous_4)
FNDA:1,(anonymous_5)
FNDA:1,(anonymous_6)
FNDA:1,(anonymous_7)
FNDA:2,(anonymous_8)
FNDA:1,(anonymous_9)
DA:1,1
DA:2,1
DA:3,1
DA:6,1
DA:7,5
DA:8,4
DA:9,1
DA:10,1
DA:12,1
DA:13,1
DA:16,3
DA:17,1
DA:19,1
DA:20,1
DA:21,2
DA:23,1
DA:26,2
DA:27,1
DA:28,1
DA:30,1
DA:31,1
DA:34,1
DA:36,1
DA:37,1
DA:38,2
DA:40,1
DA:42,1
DA:43,1
DA:47,1
LF:29
LH:29
BRDA:7,0,0,4
BRDA:7,0,1,1
BRDA:8,1,0,1
BRDA:8,1,1,3
BRDA:8,2,0,4
BRDA:8,2,1,2
BRDA:16,3,0,1
BRDA:16,3,1,2
BRDA:26,4,0,1
BRDA:26,4,1,1
BRF:10
BRH:10
end_of_record
TN:
SF:src/stats.js
FN:1,(anonymous_0)
FN:4,(anonymous_1)
FN:16,(anonymous_2)
FN:19,(anonymous_3)
FN:20,(anonymous_4)
FNF:5
FNH:5
FNDA:2,(anonymous_0)
FNDA:4,(anonymous_1)
FNDA:2,(anonymous_2)
FNDA:4,(anonymous_3)
FNDA:4,(anonymous_4)
DA:1,1
DA:2,2
DA:3,2
DA:4,2
DA:5,4
DA:7,2
DA:8,2
DA:12,2
DA:16,1
DA:17,2
DA:18,2
DA:19,4
DA:20,2
DA:21,4
DA:23,2
DA:24,2
DA:29,2
DA:32,1
DA:37,1
LF:19
LH:19
BRF:0
BRH:0
end_of_record
TN:
SF:src/validate.js
FN:4,(anonymous_0)
FN:6,(anonymous_1)
FN:8,(anonymous_2)
FNF:3
FNH:3
FNDA:5,(anonymous_0)
FNDA:10,(anonymous_1)
FNDA:10,(anonymous_2)
DA:1,1
DA:2,1
DA:4,1
DA:5,5
DA:6,5
DA:7,10
DA:10,10
DA:11,5
DA:13,10
DA:14,5
DA:16,10
DA:23,10
DA:26,5
DA:33,1
DA:38,1
LF:15
LH:15
BRDA:10,0,0,5
BRDA:10,0,1,5
BRDA:10,1,0,10
BRDA:10,1,1,10
BRDA:13,2,0,5
BRDA:13,2,1,5
BRF:6
BRH:6
end_of_record
